10:09:04 **** Rebuild of configuration Debug for project TP_[1] ****
Info: Internal Builder is used for build
gcc -O0 -g3 -Wall -c -fmessage-length=0 -o "src\\TP_[1].o" "..\\src\\TP_[1].c" 
gcc -o TP_[1].exe "src\\TP_[1].o" 
Info: Nothing to build for TP_[1]
10:13:32 **** Incremental Build of configuration Debug for project TP_[1] ****
Info: Internal Builder is used for build
gcc -O0 -g3 -Wall -c -fmessage-length=0 -o "src\\TP_[1].o" "..\\src\\TP_[1].c" 
gcc -o TP_[1].exe "src\\TP_[1].o" 
10:13:48 **** Incremental Build of configuration Debug for project TP_[1] ****
Info: Internal Builder is used for build
gcc -O0 -g3 -Wall -c -fmessage-length=0 -o "src\\TP_[1].o" "..\\src\\TP_[1].c" 
gcc -o TP_[1].exe "src\\TP_[1].o" 
10:15:56 **** Incremental Build of configuration Debug for project TP_[1] ****
Info: Internal Builder is used for build
gcc -O0 -g3 -Wall -c -fmessage-length=0 -o "src\\TP_[1].o" "..\\src\\TP_[1].c" 
gcc -o TP_[1].exe "src\\TP_[1].o" 
Info: Nothing to build for TP_[1]
10:30:03 **** Incremental Build of configuration Debug for project TP_[1] ****
Info: Internal Builder is used for build
gcc -O0 -g3 -Wall -c -fmessage-length=0 -o "src\\TP_[1].o" "..\\src\\TP_[1].c" 
gcc -o TP_[1].exe "src\\TP_[1].o" 
Info: Nothing to build for TP_[1]
10:30:38 **** Incremental Build of configuration Debug for project TP_[1] ****
Info: Internal Builder is used for build
gcc -O0 -g3 -Wall -c -fmessage-length=0 -o "src\\TP_[1].o" "..\\src\\TP_[1].c" 
gcc -o TP_[1].exe "src\\TP_[1].o" 
14:18:06 **** Rebuild of configuration Debug for project TP_[1] ****
Info: Internal Builder is used for build
gcc -O0 -g3 -Wall -c -fmessage-length=0 -o "src\\TP_[1].o" "..\\src\\TP_[1].c" 
gcc -o TP_[1].exe "src\\TP_[1].o" 
14:31:54 **** Incremental Build of configuration Debug for project TP_[1] ****
Info: Internal Builder is used for build
gcc -O0 -g3 -Wall -c -fmessage-length=0 -o "src\\TP_[1].o" "..\\src\\TP_[1].c" 
gcc -o TP_[1].exe "src\\TP_[1].o" 
14:38:41 **** Incremental Build of configuration Debug for project TP_[1] ****
Info: Internal Builder is used for build
gcc -O0 -g3 -Wall -c -fmessage-length=0 -o "src\\TP_[1].o" "..\\src\\TP_[1].c" 
gcc -o TP_[1].exe "src\\TP_[1].o" 
14:45:02 **** Incremental Build of configuration Debug for project TP_[1] ****
Info: Internal Builder is used for build
gcc -O0 -g3 -Wall -c -fmessage-length=0 -o "src\\TP_[1].o" "..\\src\\TP_[1].c" 
..\src\TP_[1].c: In function 'main':
..\src\TP_[1].c:57:29: error: 'kmIngresados' undeclared (first use in this function)
   57 |  printf("Kilometros: %.2f", kmIngresados);
      |                             ^~~~~~~~~~~~
..\src\TP_[1].c:57:29: note: each undeclared identifier is reported only once for each function it appears in
14:46:49 **** Incremental Build of configuration Debug for project TP_[1] ****
Info: Internal Builder is used for build
gcc -O0 -g3 -Wall -c -fmessage-length=0 -o "src\\TP_[1].o" "..\\src\\TP_[1].c" 
gcc -o TP_[1].exe "src\\TP_[1].o" 
14:49:05 **** Incremental Build of configuration Debug for project TP_[1] ****
Info: Internal Builder is used for build
gcc -O0 -g3 -Wall -c -fmessage-length=0 -o "src\\TP_[1].o" "..\\src\\TP_[1].c" 
gcc -o TP_[1].exe "src\\TP_[1].o" 
14:57:11 **** Incremental Build of configuration Debug for project TP_[1] ****
Info: Internal Builder is used for build
gcc -O0 -g3 -Wall -c -fmessage-length=0 -o "src\\TP_[1].o" "..\\src\\TP_[1].c" 
..\src\TP_[1].c: In function 'menu':
..\src\TP_[1].c:26:11: warning: format '%f' expects argument of type 'float *', but argument 2 has type 'int *' [-Wformat=]
   26 |   scanf("%f", &numero);
      |          ~^   ~~~~~~~
      |           |   |
      |           |   int *
      |           float *
      |          %d
..\src\TP_[1].c: In function 'main':
..\src\TP_[1].c:62:10: error: 'opcionMenu' undeclared (first use in this function)
   62 |   switch(opcionMenu)
      |          ^~~~~~~~~~
..\src\TP_[1].c:62:10: note: each undeclared identifier is reported only once for each function it appears in
14:57:23 **** Incremental Build of configuration Debug for project TP_[1] ****
Info: Internal Builder is used for build
gcc -O0 -g3 -Wall -c -fmessage-length=0 -o "src\\TP_[1].o" "..\\src\\TP_[1].c" 
..\src\TP_[1].c: In function 'menu':
..\src\TP_[1].c:26:11: warning: format '%f' expects argument of type 'float *', but argument 2 has type 'int *' [-Wformat=]
   26 |   scanf("%f", &numero);
      |          ~^   ~~~~~~~
      |           |   |
      |           |   int *
      |           float *
      |          %d
gcc -o TP_[1].exe "src\\TP_[1].o" 
14:58:00 **** Incremental Build of configuration Debug for project TP_[1] ****
Info: Internal Builder is used for build
gcc -O0 -g3 -Wall -c -fmessage-length=0 -o "src\\TP_[1].o" "..\\src\\TP_[1].c" 
gcc -o TP_[1].exe "src\\TP_[1].o" 
Info: Nothing to build for TP_[1]
Info: Nothing to build for TP_[1]
15:01:50 **** Incremental Build of configuration Debug for project TP_[1] ****
Info: Internal Builder is used for build
gcc -O0 -g3 -Wall -c -fmessage-length=0 -o "src\\TP_[1].o" "..\\src\\TP_[1].c" 
gcc -o TP_[1].exe "src\\TP_[1].o" 
15:02:57 **** Incremental Build of configuration Debug for project TP_[1] ****
Info: Internal Builder is used for build
gcc -O0 -g3 -Wall -c -fmessage-length=0 -o "src\\TP_[1].o" "..\\src\\TP_[1].c" 
gcc -o TP_[1].exe "src\\TP_[1].o" 
15:04:55 **** Incremental Build of configuration Debug for project TP_[1] ****
Info: Internal Builder is used for build
gcc -O0 -g3 -Wall -c -fmessage-length=0 -o "src\\TP_[1].o" "..\\src\\TP_[1].c" 
gcc -o TP_[1].exe "src\\TP_[1].o" 
15:11:01 **** Incremental Build of configuration Debug for project TP_[1] ****
Info: Internal Builder is used for build
gcc -O0 -g3 -Wall -c -fmessage-length=0 -o "src\\TP_[1].o" "..\\src\\TP_[1].c" 
..\src\TP_[1].c:82:6: error: conflicting types for 'mostrarMenu'
   82 | void mostrarMenu(int numero)
      |      ^~~~~~~~~~~
..\src\TP_[1].c:16:5: note: previous declaration of 'mostrarMenu' was here
   16 | int mostrarMenu(void);
      |     ^~~~~~~~~~~
..\src\TP_[1].c: In function 'mostrarMenu':
..\src\TP_[1].c:103:9: warning: 'return' with a value, in function returning void [-Wreturn-type]
  103 |  return opcion;
      |         ^~~~~~
..\src\TP_[1].c:82:6: note: declared here
   82 | void mostrarMenu(int numero)
      |      ^~~~~~~~~~~
15:11:13 **** Incremental Build of configuration Debug for project TP_[1] ****
Info: Internal Builder is used for build
gcc -O0 -g3 -Wall -c -fmessage-length=0 -o "src\\TP_[1].o" "..\\src\\TP_[1].c" 
gcc -o TP_[1].exe "src\\TP_[1].o" 
15:11:52 **** Incremental Build of configuration Debug for project TP_[1] ****
Info: Internal Builder is used for build
gcc -O0 -g3 -Wall -c -fmessage-length=0 -o "src\\TP_[1].o" "..\\src\\TP_[1].c" 
gcc -o TP_[1].exe "src\\TP_[1].o" 
15:13:22 **** Incremental Build of configuration Debug for project TP_[1] ****
Info: Internal Builder is used for build
gcc -O0 -g3 -Wall -c -fmessage-length=0 -o "src\\TP_[1].o" "..\\src\\TP_[1].c" 
..\src\TP_[1].c: In function 'main':
..\src\TP_[1].c:22:6: warning: variable 'opcion' set but not used [-Wunused-but-set-variable]
   22 |  int opcion;
      |      ^~~~~~
gcc -o TP_[1].exe "src\\TP_[1].o" 
15:13:37 **** Incremental Build of configuration Debug for project TP_[1] ****
Info: Internal Builder is used for build
gcc -O0 -g3 -Wall -c -fmessage-length=0 -o "src\\TP_[1].o" "..\\src\\TP_[1].c" 
..\src\TP_[1].c: In function 'main':
..\src\TP_[1].c:22:6: warning: variable 'opcionMenu' set but not used [-Wunused-but-set-variable]
   22 |  int opcionMenu;
      |      ^~~~~~~~~~
gcc -o TP_[1].exe "src\\TP_[1].o" 
15:13:46 **** Incremental Build of configuration Debug for project TP_[1] ****
Info: Internal Builder is used for build
gcc -O0 -g3 -Wall -c -fmessage-length=0 -o "src\\TP_[1].o" "..\\src\\TP_[1].c" 
gcc -o TP_[1].exe "src\\TP_[1].o" 
15:17:41 **** Incremental Build of configuration Debug for project TP_[1] ****
Info: Internal Builder is used for build
gcc -O0 -g3 -Wall -c -fmessage-length=0 -o "src\\TP_[1].o" "..\\src\\TP_[1].c" 
gcc -o TP_[1].exe "src\\TP_[1].o" 
Info: Nothing to build for TP_[1]
Info: Nothing to build for TP_[1]
15:24:44 **** Incremental Build of configuration Debug for project TP_[1] ****
Info: Internal Builder is used for build
gcc -O0 -g3 -Wall -c -fmessage-length=0 -o "src\\TP_[1].o" "..\\src\\TP_[1].c" 
gcc -o TP_[1].exe "src\\TP_[1].o" 
15:27:39 **** Incremental Build of configuration Debug for project TP_[1] ****
Info: Internal Builder is used for build
gcc -O0 -g3 -Wall -c -fmessage-length=0 -o "src\\TP_[1].o" "..\\src\\TP_[1].c" 
..\src\TP_[1].c: In function 'procesarMenu':
..\src\TP_[1].c:73:4: error: a label can only be part of a statement and a declaration is not a statement
   73 |    int opcionMenu;
      |    ^~~
..\src\TP_[1].c:73:8: warning: variable 'opcionMenu' set but not used [-Wunused-but-set-variable]
   73 |    int opcionMenu;
      |        ^~~~~~~~~~
15:31:50 **** Incremental Build of configuration Debug for project TP_[1] ****
Info: Internal Builder is used for build
gcc -O0 -g3 -Wall -c -fmessage-length=0 -o "src\\TP_[1].o" "..\\src\\TP_[1].c" 
..\src\TP_[1].c: In function 'procesarMenu':
..\src\TP_[1].c:73:4: error: a label can only be part of a statement and a declaration is not a statement
   73 |    int opcionSubMenu;
      |    ^~~
15:45:21 **** Incremental Build of configuration Debug for project TP_[1] ****
Info: Internal Builder is used for build
gcc -O0 -g3 -Wall -c -fmessage-length=0 -o "src\\TP_[1].o" "..\\src\\TP_[1].c" 
..\src\TP_[1].c: In function 'procesarMenu':
..\src\TP_[1].c:73:4: error: a label can only be part of a statement and a declaration is not a statement
   73 |    int opcionSubMenu;
      |    ^~~
..\src\TP_[1].c:75:41: warning: passing argument 1 of 'ingresarNumeroEntero' from incompatible pointer type [-Wincompatible-pointer-types]
   75 |    opcionSubMenu = ingresarNumeroEntero("1. Precio vuelo Aerolíneas: \n"
      |                                         ^~~~~~~~~~~~~~~~~~~~~~~~~~~~~~~~
      |                                         |
      |                                         char *
..\src\TP_[1].c:12:31: note: expected 'int *' but argument is of type 'char *'
   12 | int ingresarNumeroEntero(int* numero, char* mensaje, char* mensajeError, int min, int max);
      |                          ~~~~~^~~~~~
..\src\TP_[1].c:84:40: warning: passing argument 3 of 'ingresarNumeroEntero' makes pointer from integer without a cast [-Wint-conversion]
   84 |              "Ingrese una opción: \n", 1, 3);
      |                                        ^
      |                                        |
      |                                        int
..\src\TP_[1].c:12:60: note: expected 'char *' but argument is of type 'int'
   12 | int ingresarNumeroEntero(int* numero, char* mensaje, char* mensajeError, int min, int max);
      |                                                      ~~~~~~^~~~~~~~~~~~
..\src\TP_[1].c:75:20: error: too few arguments to function 'ingresarNumeroEntero'
   75 |    opcionSubMenu = ingresarNumeroEntero("1. Precio vuelo Aerolíneas: \n"
      |                    ^~~~~~~~~~~~~~~~~~~~
..\src\TP_[1].c:12:5: note: declared here
   12 | int ingresarNumeroEntero(int* numero, char* mensaje, char* mensajeError, int min, int max);
      |     ^~~~~~~~~~~~~~~~~~~~
..\src\TP_[1].c: In function 'mostrarMenu':
..\src\TP_[1].c:132:32: warning: passing argument 1 of 'ingresarNumeroEntero' from incompatible pointer type [-Wincompatible-pointer-types]
  132 |  opcion = ingresarNumeroEntero("1. Ingresar kilómetros:\n"
      |                                ^~~~~~~~~~~~~~~~~~~~~~~~~~~
      |                                |
      |                                char *
..\src\TP_[1].c:12:31: note: expected 'int *' but argument is of type 'char *'
   12 | int ingresarNumeroEntero(int* numero, char* mensaje, char* mensajeError, int min, int max);
      |                          ~~~~~^~~~~~
..\src\TP_[1].c:147:37: warning: passing argument 3 of 'ingresarNumeroEntero' makes pointer from integer without a cast [-Wint-conversion]
  147 |           "Ingrese una opción: \n", 1, 6);
      |                                     ^
      |                                     |
      |                                     int
..\src\TP_[1].c:12:60: note: expected 'char *' but argument is of type 'int'
   12 | int ingresarNumeroEntero(int* numero, char* mensaje, char* mensajeError, int min, int max);
      |                                                      ~~~~~~^~~~~~~~~~~~
..\src\TP_[1].c:132:11: error: too few arguments to function 'ingresarNumeroEntero'
  132 |  opcion = ingresarNumeroEntero("1. Ingresar kilómetros:\n"
      |           ^~~~~~~~~~~~~~~~~~~~
..\src\TP_[1].c:12:5: note: declared here
   12 | int ingresarNumeroEntero(int* numero, char* mensaje, char* mensajeError, int min, int max);
      |     ^~~~~~~~~~~~~~~~~~~~
..\src\TP_[1].c: In function 'ingresarNumeroEntero':
..\src\TP_[1].c:172:6: warning: variable 'retorno' set but not used [-Wunused-but-set-variable]
  172 |  int retorno = -1;
      |      ^~~~~~~
..\src\TP_[1].c:191:1: warning: control reaches end of non-void function [-Wreturn-type]
  191 | }
      | ^
15:45:34 **** Incremental Build of configuration Debug for project TP_[1] ****
Info: Internal Builder is used for build
gcc -O0 -g3 -Wall -c -fmessage-length=0 -o "src\\TP_[1].o" "..\\src\\TP_[1].c" 
..\src\TP_[1].c: In function 'procesarMenu':
..\src\TP_[1].c:73:4: error: a label can only be part of a statement and a declaration is not a statement
   73 |    int opcionSubMenu;
      |    ^~~
..\src\TP_[1].c:75:41: warning: passing argument 1 of 'ingresarNumeroEntero' from incompatible pointer type [-Wincompatible-pointer-types]
   75 |    opcionSubMenu = ingresarNumeroEntero("1. Precio vuelo Aerolíneas: \n"
      |                                         ^~~~~~~~~~~~~~~~~~~~~~~~~~~~~~~~
      |                                         |
      |                                         char *
..\src\TP_[1].c:12:31: note: expected 'int *' but argument is of type 'char *'
   12 | int ingresarNumeroEntero(int* numero, char* mensaje, char* mensajeError, int min, int max);
      |                          ~~~~~^~~~~~
..\src\TP_[1].c:84:40: warning: passing argument 3 of 'ingresarNumeroEntero' makes pointer from integer without a cast [-Wint-conversion]
   84 |              "Ingrese una opción: \n", 1, 3);
      |                                        ^
      |                                        |
      |                                        int
..\src\TP_[1].c:12:60: note: expected 'char *' but argument is of type 'int'
   12 | int ingresarNumeroEntero(int* numero, char* mensaje, char* mensajeError, int min, int max);
      |                                                      ~~~~~~^~~~~~~~~~~~
..\src\TP_[1].c:75:20: error: too few arguments to function 'ingresarNumeroEntero'
   75 |    opcionSubMenu = ingresarNumeroEntero("1. Precio vuelo Aerolíneas: \n"
      |                    ^~~~~~~~~~~~~~~~~~~~
..\src\TP_[1].c:12:5: note: declared here
   12 | int ingresarNumeroEntero(int* numero, char* mensaje, char* mensajeError, int min, int max);
      |     ^~~~~~~~~~~~~~~~~~~~
..\src\TP_[1].c: In function 'mostrarMenu':
..\src\TP_[1].c:132:32: warning: passing argument 1 of 'ingresarNumeroEntero' from incompatible pointer type [-Wincompatible-pointer-types]
  132 |  opcion = ingresarNumeroEntero("1. Ingresar kilómetros:\n"
      |                                ^~~~~~~~~~~~~~~~~~~~~~~~~~~
      |                                |
      |                                char *
..\src\TP_[1].c:12:31: note: expected 'int *' but argument is of type 'char *'
   12 | int ingresarNumeroEntero(int* numero, char* mensaje, char* mensajeError, int min, int max);
      |                          ~~~~~^~~~~~
..\src\TP_[1].c:147:37: warning: passing argument 3 of 'ingresarNumeroEntero' makes pointer from integer without a cast [-Wint-conversion]
  147 |           "Ingrese una opción: \n", 1, 6);
      |                                     ^
      |                                     |
      |                                     int
..\src\TP_[1].c:12:60: note: expected 'char *' but argument is of type 'int'
   12 | int ingresarNumeroEntero(int* numero, char* mensaje, char* mensajeError, int min, int max);
      |                                                      ~~~~~~^~~~~~~~~~~~
..\src\TP_[1].c:132:11: error: too few arguments to function 'ingresarNumeroEntero'
  132 |  opcion = ingresarNumeroEntero("1. Ingresar kilómetros:\n"
      |           ^~~~~~~~~~~~~~~~~~~~
..\src\TP_[1].c:12:5: note: declared here
   12 | int ingresarNumeroEntero(int* numero, char* mensaje, char* mensajeError, int min, int max);
      |     ^~~~~~~~~~~~~~~~~~~~
15:50:48 **** Incremental Build of configuration Debug for project TP_[1] ****
Info: Internal Builder is used for build
gcc -O0 -g3 -Wall -c -fmessage-length=0 -o "src\\TP_[1].o" "..\\src\\TP_[1].c" 
..\src\TP_[1].c: In function 'procesarMenu':
..\src\TP_[1].c:84:11: error: 'opcionSubMenu' undeclared (first use in this function); did you mean 'opcionMenu'?
   84 |    switch(opcionSubMenu)
      |           ^~~~~~~~~~~~~
      |           opcionMenu
..\src\TP_[1].c:84:11: note: each undeclared identifier is reported only once for each function it appears in
..\src\TP_[1].c: In function 'mostrarMenu':
..\src\TP_[1].c:130:32: warning: passing argument 1 of 'ingresarNumeroEntero' from incompatible pointer type [-Wincompatible-pointer-types]
  130 |  opcion = ingresarNumeroEntero("1. Ingresar kilómetros:\n"
      |                                ^~~~~~~~~~~~~~~~~~~~~~~~~~~
      |                                |
      |                                char *
..\src\TP_[1].c:12:31: note: expected 'int *' but argument is of type 'char *'
   12 | int ingresarNumeroEntero(int* numero, char* mensaje, char* mensajeError, int min, int max);
      |                          ~~~~~^~~~~~
..\src\TP_[1].c:145:37: warning: passing argument 3 of 'ingresarNumeroEntero' makes pointer from integer without a cast [-Wint-conversion]
  145 |           "Ingrese una opción: \n", 1, 6);
      |                                     ^
      |                                     |
      |                                     int
..\src\TP_[1].c:12:60: note: expected 'char *' but argument is of type 'int'
   12 | int ingresarNumeroEntero(int* numero, char* mensaje, char* mensajeError, int min, int max);
      |                                                      ~~~~~~^~~~~~~~~~~~
..\src\TP_[1].c:130:11: error: too few arguments to function 'ingresarNumeroEntero'
  130 |  opcion = ingresarNumeroEntero("1. Ingresar kilómetros:\n"
      |           ^~~~~~~~~~~~~~~~~~~~
..\src\TP_[1].c:12:5: note: declared here
   12 | int ingresarNumeroEntero(int* numero, char* mensaje, char* mensajeError, int min, int max);
      |     ^~~~~~~~~~~~~~~~~~~~
15:51:25 **** Incremental Build of configuration Debug for project TP_[1] ****
Info: Internal Builder is used for build
gcc -O0 -g3 -Wall -c -fmessage-length=0 -o "src\\TP_[1].o" "..\\src\\TP_[1].c" 
..\src\TP_[1].c: In function 'procesarMenu':
..\src\TP_[1].c:73:4: error: a label can only be part of a statement and a declaration is not a statement
   73 |    int opcionSubMenu;
      |    ^~~
..\src\TP_[1].c: In function 'mostrarMenu':
..\src\TP_[1].c:132:32: warning: passing argument 1 of 'ingresarNumeroEntero' from incompatible pointer type [-Wincompatible-pointer-types]
  132 |  opcion = ingresarNumeroEntero("1. Ingresar kilómetros:\n"
      |                                ^~~~~~~~~~~~~~~~~~~~~~~~~~~
      |                                |
      |                                char *
..\src\TP_[1].c:12:31: note: expected 'int *' but argument is of type 'char *'
   12 | int ingresarNumeroEntero(int* numero, char* mensaje, char* mensajeError, int min, int max);
      |                          ~~~~~^~~~~~
..\src\TP_[1].c:147:37: warning: passing argument 3 of 'ingresarNumeroEntero' makes pointer from integer without a cast [-Wint-conversion]
  147 |           "Ingrese una opción: \n", 1, 6);
      |                                     ^
      |                                     |
      |                                     int
..\src\TP_[1].c:12:60: note: expected 'char *' but argument is of type 'int'
   12 | int ingresarNumeroEntero(int* numero, char* mensaje, char* mensajeError, int min, int max);
      |                                                      ~~~~~~^~~~~~~~~~~~
..\src\TP_[1].c:132:11: error: too few arguments to function 'ingresarNumeroEntero'
  132 |  opcion = ingresarNumeroEntero("1. Ingresar kilómetros:\n"
      |           ^~~~~~~~~~~~~~~~~~~~
..\src\TP_[1].c:12:5: note: declared here
   12 | int ingresarNumeroEntero(int* numero, char* mensaje, char* mensajeError, int min, int max);
      |     ^~~~~~~~~~~~~~~~~~~~
15:51:34 **** Incremental Build of configuration Debug for project TP_[1] ****
Info: Internal Builder is used for build
gcc -O0 -g3 -Wall -c -fmessage-length=0 -o "src\\TP_[1].o" "..\\src\\TP_[1].c" 
..\src\TP_[1].c: In function 'procesarMenu':
..\src\TP_[1].c:73:26: error: 'opcionSubMenu' undeclared (first use in this function); did you mean 'opcionMenu'?
   73 |    ingresarNumeroEntero(&opcionSubMenu, "1. Precio vuelo Aerolíneas: \n"
      |                          ^~~~~~~~~~~~~
      |                          opcionMenu
..\src\TP_[1].c:73:26: note: each undeclared identifier is reported only once for each function it appears in
..\src\TP_[1].c: In function 'mostrarMenu':
..\src\TP_[1].c:130:32: warning: passing argument 1 of 'ingresarNumeroEntero' from incompatible pointer type [-Wincompatible-pointer-types]
  130 |  opcion = ingresarNumeroEntero("1. Ingresar kilómetros:\n"
      |                                ^~~~~~~~~~~~~~~~~~~~~~~~~~~
      |                                |
      |                                char *
..\src\TP_[1].c:12:31: note: expected 'int *' but argument is of type 'char *'
   12 | int ingresarNumeroEntero(int* numero, char* mensaje, char* mensajeError, int min, int max);
      |                          ~~~~~^~~~~~
..\src\TP_[1].c:145:37: warning: passing argument 3 of 'ingresarNumeroEntero' makes pointer from integer without a cast [-Wint-conversion]
  145 |           "Ingrese una opción: \n", 1, 6);
      |                                     ^
      |                                     |
      |                                     int
..\src\TP_[1].c:12:60: note: expected 'char *' but argument is of type 'int'
   12 | int ingresarNumeroEntero(int* numero, char* mensaje, char* mensajeError, int min, int max);
      |                                                      ~~~~~~^~~~~~~~~~~~
..\src\TP_[1].c:130:11: error: too few arguments to function 'ingresarNumeroEntero'
  130 |  opcion = ingresarNumeroEntero("1. Ingresar kilómetros:\n"
      |           ^~~~~~~~~~~~~~~~~~~~
..\src\TP_[1].c:12:5: note: declared here
   12 | int ingresarNumeroEntero(int* numero, char* mensaje, char* mensajeError, int min, int max);
      |     ^~~~~~~~~~~~~~~~~~~~
15:52:18 **** Incremental Build of configuration Debug for project TP_[1] ****
Info: Internal Builder is used for build
gcc -O0 -g3 -Wall -c -fmessage-length=0 -o "src\\TP_[1].o" "..\\src\\TP_[1].c" 
..\src\TP_[1].c: In function 'mostrarMenu':
..\src\TP_[1].c:130:32: warning: passing argument 1 of 'ingresarNumeroEntero' from incompatible pointer type [-Wincompatible-pointer-types]
  130 |  opcion = ingresarNumeroEntero("1. Ingresar kilómetros:\n"
      |                                ^~~~~~~~~~~~~~~~~~~~~~~~~~~
      |                                |
      |                                char *
..\src\TP_[1].c:12:31: note: expected 'int *' but argument is of type 'char *'
   12 | int ingresarNumeroEntero(int* numero, char* mensaje, char* mensajeError, int min, int max);
      |                          ~~~~~^~~~~~
..\src\TP_[1].c:145:37: warning: passing argument 3 of 'ingresarNumeroEntero' makes pointer from integer without a cast [-Wint-conversion]
  145 |           "Ingrese una opción: \n", 1, 6);
      |                                     ^
      |                                     |
      |                                     int
..\src\TP_[1].c:12:60: note: expected 'char *' but argument is of type 'int'
   12 | int ingresarNumeroEntero(int* numero, char* mensaje, char* mensajeError, int min, int max);
      |                                                      ~~~~~~^~~~~~~~~~~~
..\src\TP_[1].c:130:11: error: too few arguments to function 'ingresarNumeroEntero'
  130 |  opcion = ingresarNumeroEntero("1. Ingresar kilómetros:\n"
      |           ^~~~~~~~~~~~~~~~~~~~
..\src\TP_[1].c:12:5: note: declared here
   12 | int ingresarNumeroEntero(int* numero, char* mensaje, char* mensajeError, int min, int max);
      |     ^~~~~~~~~~~~~~~~~~~~
15:54:22 **** Incremental Build of configuration Debug for project TP_[1] ****
Info: Internal Builder is used for build
gcc -O0 -g3 -Wall -c -fmessage-length=0 -o "src\\TP_[1].o" "..\\src\\TP_[1].c" 
..\src\TP_[1].c: In function 'mostrarMenu':
..\src\TP_[1].c:130:32: warning: passing argument 1 of 'ingresarNumeroEntero' from incompatible pointer type [-Wincompatible-pointer-types]
  130 |  opcion = ingresarNumeroEntero("1. Ingresar kilómetros:\n"
      |                                ^~~~~~~~~~~~~~~~~~~~~~~~~~~
      |                                |
      |                                char *
..\src\TP_[1].c:12:31: note: expected 'int *' but argument is of type 'char *'
   12 | int ingresarNumeroEntero(int* numero, char* mensaje, char* mensajeError, int min, int max);
      |                          ~~~~~^~~~~~
..\src\TP_[1].c:145:37: warning: passing argument 3 of 'ingresarNumeroEntero' makes pointer from integer without a cast [-Wint-conversion]
  145 |           "Ingrese una opción: \n", 1, 6);
      |                                     ^
      |                                     |
      |                                     int
..\src\TP_[1].c:12:60: note: expected 'char *' but argument is of type 'int'
   12 | int ingresarNumeroEntero(int* numero, char* mensaje, char* mensajeError, int min, int max);
      |                                                      ~~~~~~^~~~~~~~~~~~
..\src\TP_[1].c:130:11: error: too few arguments to function 'ingresarNumeroEntero'
  130 |  opcion = ingresarNumeroEntero("1. Ingresar kilómetros:\n"
      |           ^~~~~~~~~~~~~~~~~~~~
..\src\TP_[1].c:12:5: note: declared here
   12 | int ingresarNumeroEntero(int* numero, char* mensaje, char* mensajeError, int min, int max);
      |     ^~~~~~~~~~~~~~~~~~~~
15:56:22 **** Incremental Build of configuration Debug for project TP_[1] ****
Info: Internal Builder is used for build
gcc -O0 -g3 -Wall -c -fmessage-length=0 -o "src\\TP_[1].o" "..\\src\\TP_[1].c" 
..\src\TP_[1].c: In function 'mostrarMenu':
..\src\TP_[1].c:130:32: warning: passing argument 1 of 'ingresarNumeroEntero' from incompatible pointer type [-Wincompatible-pointer-types]
  130 |  opcion = ingresarNumeroEntero("1. Ingresar kilómetros:\n"
      |                                ^~~~~~~~~~~~~~~~~~~~~~~~~~~
      |                                |
      |                                char *
..\src\TP_[1].c:12:31: note: expected 'int *' but argument is of type 'char *'
   12 | int ingresarNumeroEntero(int* numero, char* mensaje, char* mensajeError, int min, int max);
      |                          ~~~~~^~~~~~
..\src\TP_[1].c:145:37: warning: passing argument 3 of 'ingresarNumeroEntero' makes pointer from integer without a cast [-Wint-conversion]
  145 |           "Ingrese una opción: \n", 1, 6);
      |                                     ^
      |                                     |
      |                                     int
..\src\TP_[1].c:12:60: note: expected 'char *' but argument is of type 'int'
   12 | int ingresarNumeroEntero(int* numero, char* mensaje, char* mensajeError, int min, int max);
      |                                                      ~~~~~~^~~~~~~~~~~~
..\src\TP_[1].c:130:11: error: too few arguments to function 'ingresarNumeroEntero'
  130 |  opcion = ingresarNumeroEntero("1. Ingresar kilómetros:\n"
      |           ^~~~~~~~~~~~~~~~~~~~
..\src\TP_[1].c:12:5: note: declared here
   12 | int ingresarNumeroEntero(int* numero, char* mensaje, char* mensajeError, int min, int max);
      |     ^~~~~~~~~~~~~~~~~~~~
15:57:07 **** Incremental Build of configuration Debug for project TP_[1] ****
Info: Internal Builder is used for build
gcc -O0 -g3 -Wall -c -fmessage-length=0 -o "src\\TP_[1].o" "..\\src\\TP_[1].c" 
..\src\TP_[1].c: In function 'mostrarMenu':
..\src\TP_[1].c:130:11: warning: implicit declaration of function 'ingresarEntero'; did you mean 'ingresarNumeroEntero'? [-Wimplicit-function-declaration]
  130 |  opcion = ingresarEntero("1. Ingresar kilómetros:\n"
      |           ^~~~~~~~~~~~~~
      |           ingresarNumeroEntero
gcc -o TP_[1].exe "src\\TP_[1].o" 
15:57:28 **** Incremental Build of configuration Debug for project TP_[1] ****
Info: Internal Builder is used for build
gcc -O0 -g3 -Wall -c -fmessage-length=0 -o "src\\TP_[1].o" "..\\src\\TP_[1].c" 
gcc -o TP_[1].exe "src\\TP_[1].o" 
Info: Nothing to build for TP_[1]
Info: Nothing to build for TP_[1]
16:00:31 **** Incremental Build of configuration Debug for project TP_[1] ****
Info: Internal Builder is used for build
gcc -O0 -g3 -Wall -c -fmessage-length=0 -o "src\\TP_[1].o" "..\\src\\TP_[1].c" 
gcc -o TP_[1].exe "src\\TP_[1].o" 
16:00:56 **** Incremental Build of configuration Debug for project TP_[1] ****
Info: Internal Builder is used for build
gcc -O0 -g3 -Wall -c -fmessage-length=0 -o "src\\TP_[1].o" "..\\src\\TP_[1].c" 
..\src\TP_[1].c: In function 'mostrarMenu':
..\src\TP_[1].c:103:11: warning: implicit declaration of function 'ingresarEntero'; did you mean 'ingresarNumeroEntero'? [-Wimplicit-function-declaration]
  103 |  opcion = ingresarEntero("1. Ingresar kilómetros:\n"
      |           ^~~~~~~~~~~~~~
      |           ingresarNumeroEntero
gcc -o TP_[1].exe "src\\TP_[1].o" 
c:/mingw/bin/../lib/gcc/mingw32/9.2.0/../../../../mingw32/bin/ld.exe: src\TP_[1].o: in function `mostrarMenu':
C:\Users\chamb\Desktop\TP_[1]\TP_[1]\Debug/../src/TP_[1].c:103: undefined reference to `ingresarEntero'
collect2.exe: error: ld returned 1 exit status
16:01:16 **** Incremental Build of configuration Debug for project TP_[1] ****
Info: Internal Builder is used for build
gcc -O0 -g3 -Wall -c -fmessage-length=0 -o "src\\TP_[1].o" "..\\src\\TP_[1].c" 
gcc -o TP_[1].exe "src\\TP_[1].o" 
Info: Nothing to build for TP_[1]
12:05:17 **** Incremental Build of configuration Debug for project TP_[1] ****
Info: Internal Builder is used for build
gcc -O0 -g3 -Wall -c -fmessage-length=0 -o "src\\Funciones.o" "..\\src\\Funciones.c" 
gcc -O0 -g3 -Wall -c -fmessage-length=0 -o "src\\TP_[1].o" "..\\src\\TP_[1].c" 
gcc -o TP_[1].exe "src\\Funciones.o" "src\\TP_[1].o" 
12:20:18 **** Incremental Build of configuration Debug for project TP_[1] ****
Info: Internal Builder is used for build
gcc -O0 -g3 -Wall -c -fmessage-length=0 -o "src\\Funciones.o" "..\\src\\Funciones.c" 
gcc -O0 -g3 -Wall -c -fmessage-length=0 -o "src\\TP_[1].o" "..\\src\\TP_[1].c" 
..\src\TP_[1].c: In function 'main':
..\src\TP_[1].c:21:8: warning: variable 'precioLatam' set but not used [-Wunused-but-set-variable]
   21 |  float precioLatam;
      |        ^~~~~~~~~~~
..\src\TP_[1].c:20:8: warning: variable 'precioAerolineas' set but not used [-Wunused-but-set-variable]
   20 |  float precioAerolineas;
      |        ^~~~~~~~~~~~~~~~
..\src\TP_[1].c:19:8: warning: variable 'kmIngresados' set but not used [-Wunused-but-set-variable]
   19 |  float kmIngresados;
      |        ^~~~~~~~~~~~
gcc -o TP_[1].exe "src\\Funciones.o" "src\\TP_[1].o" 
12:26:49 **** Incremental Build of configuration Debug for project TP_[1] ****
Info: Internal Builder is used for build
gcc -O0 -g3 -Wall -c -fmessage-length=0 -o "src\\TP_[1].o" "..\\src\\TP_[1].c" 
..\src\TP_[1].c: In function 'main':
..\src\TP_[1].c:37:2: error: too few arguments to function 'procesarMenu'
   37 |  procesarMenu(opcionMenu);
      |  ^~~~~~~~~~~~
In file included from ..\src\TP_[1].c:11:
..\src\Funciones.h:12:6: note: declared here
   12 | void procesarMenu(int opcionMenu, float kmIngresados, float precioAerolineas, float precioLatam);
      |      ^~~~~~~~~~~~
..\src\TP_[1].c:21:8: warning: variable 'precioLatam' set but not used [-Wunused-but-set-variable]
   21 |  float precioLatam;
      |        ^~~~~~~~~~~
..\src\TP_[1].c:20:8: warning: variable 'precioAerolineas' set but not used [-Wunused-but-set-variable]
   20 |  float precioAerolineas;
      |        ^~~~~~~~~~~~~~~~
..\src\TP_[1].c:19:8: warning: variable 'kmIngresados' set but not used [-Wunused-but-set-variable]
   19 |  float kmIngresados;
      |        ^~~~~~~~~~~~
12:27:26 **** Incremental Build of configuration Debug for project TP_[1] ****
Info: Internal Builder is used for build
gcc -O0 -g3 -Wall -c -fmessage-length=0 -o "src\\Funciones.o" "..\\src\\Funciones.c" 
gcc -O0 -g3 -Wall -c -fmessage-length=0 -o "src\\TP_[1].o" "..\\src\\TP_[1].c" 
gcc -o TP_[1].exe "src\\Funciones.o" "src\\TP_[1].o" 
19:19:47 **** Rebuild of configuration Debug for project TP_[1] ****
Info: Internal Builder is used for build
gcc -O0 -g3 -Wall -c -fmessage-length=0 -o "src\\TP_[1].o" "..\\src\\TP_[1].c" 
gcc -O0 -g3 -Wall -c -fmessage-length=0 -o "src\\Funciones.o" "..\\src\\Funciones.c" 
gcc -o TP_[1].exe "src\\Funciones.o" "src\\TP_[1].o" 
Info: Nothing to build for TP_[1]
19:21:17 **** Incremental Build of configuration Debug for project TP_[1] ****
Info: Internal Builder is used for build
gcc -O0 -g3 -Wall -c -fmessage-length=0 -o "src\\TP_[1].o" "..\\src\\TP_[1].c" 
..\src\TP_[1].c: In function 'main':
..\src\TP_[1].c:18:6: warning: unused variable 'opcionMenu' [-Wunused-variable]
   18 |  int opcionMenu;
      |      ^~~~~~~~~~
gcc -O0 -g3 -Wall -c -fmessage-length=0 -o "src\\Funciones.o" "..\\src\\Funciones.c" 
..\src\Funciones.c: In function 'mostrarMenu':
..\src\Funciones.c:81:1: warning: control reaches end of non-void function [-Wreturn-type]
   81 | }
      | ^
gcc -o TP_[1].exe "src\\Funciones.o" "src\\TP_[1].o" 
19:21:37 **** Incremental Build of configuration Debug for project TP_[1] ****
Info: Internal Builder is used for build
gcc -O0 -g3 -Wall -c -fmessage-length=0 -o "src\\TP_[1].o" "..\\src\\TP_[1].c" 
..\src\TP_[1].c: In function 'main':
..\src\TP_[1].c:18:6: warning: variable 'opcionMenu' set but not used [-Wunused-but-set-variable]
   18 |  int opcionMenu;
      |      ^~~~~~~~~~
gcc -o TP_[1].exe "src\\Funciones.o" "src\\TP_[1].o" 
20:39:25 **** Incremental Build of configuration Debug for project TP_[1] ****
Info: Internal Builder is used for build
gcc -O0 -g3 -Wall -c -fmessage-length=0 -o "src\\TP_[1].o" "..\\src\\TP_[1].c" 
..\src\TP_[1].c: In function 'main':
..\src\TP_[1].c:19:6: warning: variable 'opcionMenu' set but not used [-Wunused-but-set-variable]
   19 |  int opcionMenu;
      |      ^~~~~~~~~~
gcc -O0 -g3 -Wall -c -fmessage-length=0 -o "src\\TP_[1]Calculos.o" "..\\src\\TP_[1]Calculos.c" 
gcc -O0 -g3 -Wall -c -fmessage-length=0 -o "src\\Funciones.o" "..\\src\\Funciones.c" 
..\src\Funciones.c: In function 'mostrarMenu':
..\src\Funciones.c:104:12: warning: format '%f' expects a matching 'double' argument [-Wformat=]
  104 |     printf("Latam: \n"
      |            ^~~~~~~~~~~
..\src\Funciones.c:105:44: note: format string is defined here
  105 |       "a) Precio con tarjeta de débito: %.2f\n"
      |                                         ~~~^
      |                                            |
      |                                            double
..\src\Funciones.c:104:12: warning: format '%f' expects a matching 'double' argument [-Wformat=]
  104 |     printf("Latam: \n"
      |            ^~~~~~~~~~~
..\src\Funciones.c:106:45: note: format string is defined here
  106 |       "b) Precio con tarjeta de crédito: %.2f\n"
      |                                          ~~~^
      |                                             |
      |                                             double
..\src\Funciones.c:104:12: warning: format '%f' expects a matching 'double' argument [-Wformat=]
  104 |     printf("Latam: \n"
      |            ^~~~~~~~~~~
..\src\Funciones.c:107:43: note: format string is defined here
  107 |       "c) Precio pagando con bitcoin : %.2f\n"
      |                                        ~~~^
      |                                           |
      |                                           double
..\src\Funciones.c:104:12: warning: format '%f' expects a matching 'double' argument [-Wformat=]
  104 |     printf("Latam: \n"
      |            ^~~~~~~~~~~
..\src\Funciones.c:108:31: note: format string is defined here
  108 |       "d) Precio unitario: %.2f\n"
      |                            ~~~^
      |                               |
      |                               double
..\src\Funciones.c:104:12: warning: format '%f' expects a matching 'double' argument [-Wformat=]
  104 |     printf("Latam: \n"
      |            ^~~~~~~~~~~
..\src\Funciones.c:110:44: note: format string is defined here
  110 |       "a) Precio con tarjeta de débito: %.2f\n"
      |                                         ~~~^
      |                                            |
      |                                            double
..\src\Funciones.c:104:12: warning: format '%f' expects a matching 'double' argument [-Wformat=]
  104 |     printf("Latam: \n"
      |            ^~~~~~~~~~~
..\src\Funciones.c:111:45: note: format string is defined here
  111 |       "b) Precio con tarjeta de crédito: %.2f\n"
      |                                          ~~~^
      |                                             |
      |                                             double
..\src\Funciones.c:104:12: warning: format '%f' expects a matching 'double' argument [-Wformat=]
  104 |     printf("Latam: \n"
      |            ^~~~~~~~~~~
..\src\Funciones.c:112:43: note: format string is defined here
  112 |       "c) Precio pagando con bitcoin : %.2f\n"
      |                                        ~~~^
      |                                           |
      |                                           double
..\src\Funciones.c:104:12: warning: format '%f' expects a matching 'double' argument [-Wformat=]
  104 |     printf("Latam: \n"
      |            ^~~~~~~~~~~
..\src\Funciones.c:113:31: note: format string is defined here
  113 |       "d) Precio unitario: %.2f\n"
      |                            ~~~^
      |                               |
      |                               double
..\src\Funciones.c:104:12: warning: format '%f' expects a matching 'double' argument [-Wformat=]
  104 |     printf("Latam: \n"
      |            ^~~~~~~~~~~
..\src\Funciones.c:114:41: note: format string is defined here
  114 |       "\nLa diferencia de precio es: %.2f");
      |                                      ~~~^
      |                                         |
      |                                         double
..\src\Funciones.c:127:1: warning: control reaches end of non-void function [-Wreturn-type]
  127 | }
      | ^
gcc -o TP_[1].exe "src\\Funciones.o" "src\\TP_[1].o" "src\\TP_[1]Calculos.o" 
20:54:41 **** Incremental Build of configuration Debug for project TP_[1] ****
Info: Internal Builder is used for build
gcc -O0 -g3 -Wall -c -fmessage-length=0 -o "src\\Funciones.o" "..\\src\\Funciones.c" 
..\src\Funciones.c: In function 'procesarMenu':
..\src\Funciones.c:29:13: warning: format '%f' expects a matching 'double' argument [-Wformat=]
   29 |      printf("Latam: \n"
      |             ^~~~~~~~~~~
..\src\Funciones.c:30:45: note: format string is defined here
   30 |        "a) Precio con tarjeta de débito: %.2f\n"
      |                                          ~~~^
      |                                             |
      |                                             double
..\src\Funciones.c:29:13: warning: format '%f' expects a matching 'double' argument [-Wformat=]
   29 |      printf("Latam: \n"
      |             ^~~~~~~~~~~
..\src\Funciones.c:31:46: note: format string is defined here
   31 |        "b) Precio con tarjeta de crédito: %.2f\n"
      |                                           ~~~^
      |                                              |
      |                                              double
..\src\Funciones.c:29:13: warning: format '%f' expects a matching 'double' argument [-Wformat=]
   29 |      printf("Latam: \n"
      |             ^~~~~~~~~~~
..\src\Funciones.c:32:44: note: format string is defined here
   32 |        "c) Precio pagando con bitcoin : %.2f\n"
      |                                         ~~~^
      |                                            |
      |                                            double
..\src\Funciones.c:29:13: warning: format '%f' expects a matching 'double' argument [-Wformat=]
   29 |      printf("Latam: \n"
      |             ^~~~~~~~~~~
..\src\Funciones.c:33:32: note: format string is defined here
   33 |        "d) Precio unitario: %.2f\n"
      |                             ~~~^
      |                                |
      |                                double
..\src\Funciones.c:29:13: warning: format '%f' expects a matching 'double' argument [-Wformat=]
   29 |      printf("Latam: \n"
      |             ^~~~~~~~~~~
..\src\Funciones.c:35:45: note: format string is defined here
   35 |        "a) Precio con tarjeta de débito: %.2f\n"
      |                                          ~~~^
      |                                             |
      |                                             double
..\src\Funciones.c:29:13: warning: format '%f' expects a matching 'double' argument [-Wformat=]
   29 |      printf("Latam: \n"
      |             ^~~~~~~~~~~
..\src\Funciones.c:36:46: note: format string is defined here
   36 |        "b) Precio con tarjeta de crédito: %.2f\n"
      |                                           ~~~^
      |                                              |
      |                                              double
..\src\Funciones.c:29:13: warning: format '%f' expects a matching 'double' argument [-Wformat=]
   29 |      printf("Latam: \n"
      |             ^~~~~~~~~~~
..\src\Funciones.c:37:44: note: format string is defined here
   37 |        "c) Precio pagando con bitcoin : %.2f\n"
      |                                         ~~~^
      |                                            |
      |                                            double
..\src\Funciones.c:29:13: warning: format '%f' expects a matching 'double' argument [-Wformat=]
   29 |      printf("Latam: \n"
      |             ^~~~~~~~~~~
..\src\Funciones.c:38:32: note: format string is defined here
   38 |        "d) Precio unitario: %.2f\n"
      |                             ~~~^
      |                                |
      |                                double
..\src\Funciones.c:29:13: warning: format '%f' expects a matching 'double' argument [-Wformat=]
   29 |      printf("Latam: \n"
      |             ^~~~~~~~~~~
..\src\Funciones.c:39:42: note: format string is defined here
   39 |        "\nLa diferencia de precio es: %.2f");
      |                                       ~~~^
      |                                          |
      |                                          double
..\src\Funciones.c: In function 'mostrarMenu':
..\src\Funciones.c:58:8: warning: variable 'precioLatam' set but not used [-Wunused-but-set-variable]
   58 |  float precioLatam;
      |        ^~~~~~~~~~~
..\src\Funciones.c:57:8: warning: variable 'precioAerolineas' set but not used [-Wunused-but-set-variable]
   57 |  float precioAerolineas;
      |        ^~~~~~~~~~~~~~~~
..\src\Funciones.c:56:8: warning: variable 'kmIngresados' set but not used [-Wunused-but-set-variable]
   56 |  float kmIngresados;
      |        ^~~~~~~~~~~~
..\src\Funciones.c:97:1: warning: control reaches end of non-void function [-Wreturn-type]
   97 | }
      | ^
gcc -O0 -g3 -Wall -c -fmessage-length=0 -o "src\\TP_[1].o" "..\\src\\TP_[1].c" 
..\src\TP_[1].c: In function 'main':
..\src\TP_[1].c:19:6: warning: variable 'opcionMenu' set but not used [-Wunused-but-set-variable]
   19 |  int opcionMenu;
      |      ^~~~~~~~~~
gcc -o TP_[1].exe "src\\Funciones.o" "src\\TP_[1].o" "src\\TP_[1]Calculos.o" 
20:57:30 **** Incremental Build of configuration Debug for project TP_[1] ****
Info: Internal Builder is used for build
gcc -O0 -g3 -Wall -c -fmessage-length=0 -o "src\\Funciones.o" "..\\src\\Funciones.c" 
..\src\Funciones.c: In function 'procesarMenu':
..\src\Funciones.c:29:13: warning: format '%f' expects a matching 'double' argument [-Wformat=]
   29 |      printf("Latam: \n"
      |             ^~~~~~~~~~~
..\src\Funciones.c:30:45: note: format string is defined here
   30 |        "a) Precio con tarjeta de débito: %.2f\n"
      |                                          ~~~^
      |                                             |
      |                                             double
..\src\Funciones.c:29:13: warning: format '%f' expects a matching 'double' argument [-Wformat=]
   29 |      printf("Latam: \n"
      |             ^~~~~~~~~~~
..\src\Funciones.c:31:46: note: format string is defined here
   31 |        "b) Precio con tarjeta de crédito: %.2f\n"
      |                                           ~~~^
      |                                              |
      |                                              double
..\src\Funciones.c:29:13: warning: format '%f' expects a matching 'double' argument [-Wformat=]
   29 |      printf("Latam: \n"
      |             ^~~~~~~~~~~
..\src\Funciones.c:32:44: note: format string is defined here
   32 |        "c) Precio pagando con bitcoin : %.2f\n"
      |                                         ~~~^
      |                                            |
      |                                            double
..\src\Funciones.c:29:13: warning: format '%f' expects a matching 'double' argument [-Wformat=]
   29 |      printf("Latam: \n"
      |             ^~~~~~~~~~~
..\src\Funciones.c:33:32: note: format string is defined here
   33 |        "d) Precio unitario: %.2f\n"
      |                             ~~~^
      |                                |
      |                                double
..\src\Funciones.c:29:13: warning: format '%f' expects a matching 'double' argument [-Wformat=]
   29 |      printf("Latam: \n"
      |             ^~~~~~~~~~~
..\src\Funciones.c:35:45: note: format string is defined here
   35 |        "a) Precio con tarjeta de débito: %.2f\n"
      |                                          ~~~^
      |                                             |
      |                                             double
..\src\Funciones.c:29:13: warning: format '%f' expects a matching 'double' argument [-Wformat=]
   29 |      printf("Latam: \n"
      |             ^~~~~~~~~~~
..\src\Funciones.c:36:46: note: format string is defined here
   36 |        "b) Precio con tarjeta de crédito: %.2f\n"
      |                                           ~~~^
      |                                              |
      |                                              double
..\src\Funciones.c:29:13: warning: format '%f' expects a matching 'double' argument [-Wformat=]
   29 |      printf("Latam: \n"
      |             ^~~~~~~~~~~
..\src\Funciones.c:37:44: note: format string is defined here
   37 |        "c) Precio pagando con bitcoin : %.2f\n"
      |                                         ~~~^
      |                                            |
      |                                            double
..\src\Funciones.c:29:13: warning: format '%f' expects a matching 'double' argument [-Wformat=]
   29 |      printf("Latam: \n"
      |             ^~~~~~~~~~~
..\src\Funciones.c:38:32: note: format string is defined here
   38 |        "d) Precio unitario: %.2f\n"
      |                             ~~~^
      |                                |
      |                                double
..\src\Funciones.c:29:13: warning: format '%f' expects a matching 'double' argument [-Wformat=]
   29 |      printf("Latam: \n"
      |             ^~~~~~~~~~~
..\src\Funciones.c:39:42: note: format string is defined here
   39 |        "\nLa diferencia de precio es: %.2f");
      |                                       ~~~^
      |                                          |
      |                                          double
..\src\Funciones.c: In function 'mostrarMenu':
..\src\Funciones.c:58:8: warning: variable 'precioLatam' set but not used [-Wunused-but-set-variable]
   58 |  float precioLatam;
      |        ^~~~~~~~~~~
..\src\Funciones.c:57:8: warning: variable 'precioAerolineas' set but not used [-Wunused-but-set-variable]
   57 |  float precioAerolineas;
      |        ^~~~~~~~~~~~~~~~
..\src\Funciones.c:56:8: warning: variable 'kmIngresados' set but not used [-Wunused-but-set-variable]
   56 |  float kmIngresados;
      |        ^~~~~~~~~~~~
..\src\Funciones.c:96:1: warning: control reaches end of non-void function [-Wreturn-type]
   96 | }
      | ^
gcc -o TP_[1].exe "src\\Funciones.o" "src\\TP_[1].o" "src\\TP_[1]Calculos.o" 
20:58:51 **** Incremental Build of configuration Debug for project TP_[1] ****
Info: Internal Builder is used for build
gcc -O0 -g3 -Wall -c -fmessage-length=0 -o "src\\TP_[1].o" "..\\src\\TP_[1].c" 
..\src\TP_[1].c: In function 'main':
..\src\TP_[1].c:21:13: error: void value not ignored as it ought to be
   21 |  opcionMenu = mostrarMenu();
      |             ^
..\src\TP_[1].c:19:6: warning: variable 'opcionMenu' set but not used [-Wunused-but-set-variable]
   19 |  int opcionMenu;
      |      ^~~~~~~~~~
20:59:23 **** Incremental Build of configuration Debug for project TP_[1] ****
Info: Internal Builder is used for build
gcc -O0 -g3 -Wall -c -fmessage-length=0 -o "src\\Funciones.o" "..\\src\\Funciones.c" 
..\src\Funciones.c: In function 'procesarMenu':
..\src\Funciones.c:29:13: warning: format '%f' expects a matching 'double' argument [-Wformat=]
   29 |      printf("Latam: \n"
      |             ^~~~~~~~~~~
..\src\Funciones.c:30:45: note: format string is defined here
   30 |        "a) Precio con tarjeta de débito: %.2f\n"
      |                                          ~~~^
      |                                             |
      |                                             double
..\src\Funciones.c:29:13: warning: format '%f' expects a matching 'double' argument [-Wformat=]
   29 |      printf("Latam: \n"
      |             ^~~~~~~~~~~
..\src\Funciones.c:31:46: note: format string is defined here
   31 |        "b) Precio con tarjeta de crédito: %.2f\n"
      |                                           ~~~^
      |                                              |
      |                                              double
..\src\Funciones.c:29:13: warning: format '%f' expects a matching 'double' argument [-Wformat=]
   29 |      printf("Latam: \n"
      |             ^~~~~~~~~~~
..\src\Funciones.c:32:44: note: format string is defined here
   32 |        "c) Precio pagando con bitcoin : %.2f\n"
      |                                         ~~~^
      |                                            |
      |                                            double
..\src\Funciones.c:29:13: warning: format '%f' expects a matching 'double' argument [-Wformat=]
   29 |      printf("Latam: \n"
      |             ^~~~~~~~~~~
..\src\Funciones.c:33:32: note: format string is defined here
   33 |        "d) Precio unitario: %.2f\n"
      |                             ~~~^
      |                                |
      |                                double
..\src\Funciones.c:29:13: warning: format '%f' expects a matching 'double' argument [-Wformat=]
   29 |      printf("Latam: \n"
      |             ^~~~~~~~~~~
..\src\Funciones.c:35:45: note: format string is defined here
   35 |        "a) Precio con tarjeta de débito: %.2f\n"
      |                                          ~~~^
      |                                             |
      |                                             double
..\src\Funciones.c:29:13: warning: format '%f' expects a matching 'double' argument [-Wformat=]
   29 |      printf("Latam: \n"
      |             ^~~~~~~~~~~
..\src\Funciones.c:36:46: note: format string is defined here
   36 |        "b) Precio con tarjeta de crédito: %.2f\n"
      |                                           ~~~^
      |                                              |
      |                                              double
..\src\Funciones.c:29:13: warning: format '%f' expects a matching 'double' argument [-Wformat=]
   29 |      printf("Latam: \n"
      |             ^~~~~~~~~~~
..\src\Funciones.c:37:44: note: format string is defined here
   37 |        "c) Precio pagando con bitcoin : %.2f\n"
      |                                         ~~~^
      |                                            |
      |                                            double
..\src\Funciones.c:29:13: warning: format '%f' expects a matching 'double' argument [-Wformat=]
   29 |      printf("Latam: \n"
      |             ^~~~~~~~~~~
..\src\Funciones.c:38:32: note: format string is defined here
   38 |        "d) Precio unitario: %.2f\n"
      |                             ~~~^
      |                                |
      |                                double
..\src\Funciones.c:29:13: warning: format '%f' expects a matching 'double' argument [-Wformat=]
   29 |      printf("Latam: \n"
      |             ^~~~~~~~~~~
..\src\Funciones.c:39:42: note: format string is defined here
   39 |        "\nLa diferencia de precio es: %.2f");
      |                                       ~~~^
      |                                          |
      |                                          double
..\src\Funciones.c: In function 'mostrarMenu':
..\src\Funciones.c:58:8: warning: variable 'precioLatam' set but not used [-Wunused-but-set-variable]
   58 |  float precioLatam;
      |        ^~~~~~~~~~~
..\src\Funciones.c:57:8: warning: variable 'precioAerolineas' set but not used [-Wunused-but-set-variable]
   57 |  float precioAerolineas;
      |        ^~~~~~~~~~~~~~~~
..\src\Funciones.c:56:8: warning: variable 'kmIngresados' set but not used [-Wunused-but-set-variable]
   56 |  float kmIngresados;
      |        ^~~~~~~~~~~~
gcc -O0 -g3 -Wall -c -fmessage-length=0 -o "src\\TP_[1].o" "..\\src\\TP_[1].c" 
gcc -o TP_[1].exe "src\\Funciones.o" "src\\TP_[1].o" "src\\TP_[1]Calculos.o" 
21:01:04 **** Incremental Build of configuration Debug for project TP_[1] ****
Info: Internal Builder is used for build
gcc -O0 -g3 -Wall -c -fmessage-length=0 -o "src\\TP_[1].o" "..\\src\\TP_[1].c" 
In file included from ..\src\TP_[1].c:11:
..\src\Funciones.h:12:1: warning: parameter names (without types) in function declaration
   12 | void procesarMenu(opcion, kmIngresados, precioAerolineas, precioLatam);
      | ^~~~
gcc -O0 -g3 -Wall -c -fmessage-length=0 -o "src\\Funciones.o" "..\\src\\Funciones.c" 
In file included from ..\src\Funciones.c:1:
..\src\Funciones.h:12:1: warning: parameter names (without types) in function declaration
   12 | void procesarMenu(opcion, kmIngresados, precioAerolineas, precioLatam);
      | ^~~~
..\src\Funciones.c: In function 'procesarMenu':
..\src\Funciones.c:29:13: warning: format '%f' expects a matching 'double' argument [-Wformat=]
   29 |      printf("Latam: \n"
      |             ^~~~~~~~~~~
..\src\Funciones.c:30:45: note: format string is defined here
   30 |        "a) Precio con tarjeta de débito: %.2f\n"
      |                                          ~~~^
      |                                             |
      |                                             double
..\src\Funciones.c:29:13: warning: format '%f' expects a matching 'double' argument [-Wformat=]
   29 |      printf("Latam: \n"
      |             ^~~~~~~~~~~
..\src\Funciones.c:31:46: note: format string is defined here
   31 |        "b) Precio con tarjeta de crédito: %.2f\n"
      |                                           ~~~^
      |                                              |
      |                                              double
..\src\Funciones.c:29:13: warning: format '%f' expects a matching 'double' argument [-Wformat=]
   29 |      printf("Latam: \n"
      |             ^~~~~~~~~~~
..\src\Funciones.c:32:44: note: format string is defined here
   32 |        "c) Precio pagando con bitcoin : %.2f\n"
      |                                         ~~~^
      |                                            |
      |                                            double
..\src\Funciones.c:29:13: warning: format '%f' expects a matching 'double' argument [-Wformat=]
   29 |      printf("Latam: \n"
      |             ^~~~~~~~~~~
..\src\Funciones.c:33:32: note: format string is defined here
   33 |        "d) Precio unitario: %.2f\n"
      |                             ~~~^
      |                                |
      |                                double
..\src\Funciones.c:29:13: warning: format '%f' expects a matching 'double' argument [-Wformat=]
   29 |      printf("Latam: \n"
      |             ^~~~~~~~~~~
..\src\Funciones.c:35:45: note: format string is defined here
   35 |        "a) Precio con tarjeta de débito: %.2f\n"
      |                                          ~~~^
      |                                             |
      |                                             double
..\src\Funciones.c:29:13: warning: format '%f' expects a matching 'double' argument [-Wformat=]
   29 |      printf("Latam: \n"
      |             ^~~~~~~~~~~
..\src\Funciones.c:36:46: note: format string is defined here
   36 |        "b) Precio con tarjeta de crédito: %.2f\n"
      |                                           ~~~^
      |                                              |
      |                                              double
..\src\Funciones.c:29:13: warning: format '%f' expects a matching 'double' argument [-Wformat=]
   29 |      printf("Latam: \n"
      |             ^~~~~~~~~~~
..\src\Funciones.c:37:44: note: format string is defined here
   37 |        "c) Precio pagando con bitcoin : %.2f\n"
      |                                         ~~~^
      |                                            |
      |                                            double
..\src\Funciones.c:29:13: warning: format '%f' expects a matching 'double' argument [-Wformat=]
   29 |      printf("Latam: \n"
      |             ^~~~~~~~~~~
..\src\Funciones.c:38:32: note: format string is defined here
   38 |        "d) Precio unitario: %.2f\n"
      |                             ~~~^
      |                                |
      |                                double
..\src\Funciones.c:29:13: warning: format '%f' expects a matching 'double' argument [-Wformat=]
   29 |      printf("Latam: \n"
      |             ^~~~~~~~~~~
..\src\Funciones.c:39:42: note: format string is defined here
   39 |        "\nLa diferencia de precio es: %.2f");
      |                                       ~~~^
      |                                          |
      |                                          double
..\src\Funciones.c: In function 'mostrarMenu':
..\src\Funciones.c:91:5: error: too many arguments to function 'procesarMenu'
   91 |     procesarMenu(opcion, kmIngresados, precioAerolineas, precioLatam);
      |     ^~~~~~~~~~~~
..\src\Funciones.c:3:6: note: declared here
    3 | void procesarMenu(int opcionMenu)
      |      ^~~~~~~~~~~~
21:02:46 **** Incremental Build of configuration Debug for project TP_[1] ****
Info: Internal Builder is used for build
gcc -O0 -g3 -Wall -c -fmessage-length=0 -o "src\\Funciones.o" "..\\src\\Funciones.c" 
In file included from ..\src\Funciones.c:1:
..\src\Funciones.h:12:1: warning: parameter names (without types) in function declaration
   12 | void procesarMenu(opcion, kmIngresados, precioAerolineas, precioLatam);
      | ^~~~
..\src\Funciones.c: In function 'procesarMenu':
..\src\Funciones.c:3:6: warning: type of 'opcion' defaults to 'int' [-Wimplicit-int]
    3 | void procesarMenu(opcion, kmIngresados, precioAerolineas, precioLatam)
      |      ^~~~~~~~~~~~
..\src\Funciones.c:3:6: warning: type of 'kmIngresados' defaults to 'int' [-Wimplicit-int]
..\src\Funciones.c:3:6: warning: type of 'precioAerolineas' defaults to 'int' [-Wimplicit-int]
..\src\Funciones.c:3:6: warning: type of 'precioLatam' defaults to 'int' [-Wimplicit-int]
..\src\Funciones.c:5:9: error: 'opcionMenu' undeclared (first use in this function); did you mean 'opcion'?
    5 |  switch(opcionMenu)
      |         ^~~~~~~~~~
      |         opcion
..\src\Funciones.c:5:9: note: each undeclared identifier is reported only once for each function it appears in
..\src\Funciones.c:29:13: warning: format '%f' expects a matching 'double' argument [-Wformat=]
   29 |      printf("Latam: \n"
      |             ^~~~~~~~~~~
..\src\Funciones.c:30:45: note: format string is defined here
   30 |        "a) Precio con tarjeta de débito: %.2f\n"
      |                                          ~~~^
      |                                             |
      |                                             double
..\src\Funciones.c:29:13: warning: format '%f' expects a matching 'double' argument [-Wformat=]
   29 |      printf("Latam: \n"
      |             ^~~~~~~~~~~
..\src\Funciones.c:31:46: note: format string is defined here
   31 |        "b) Precio con tarjeta de crédito: %.2f\n"
      |                                           ~~~^
      |                                              |
      |                                              double
..\src\Funciones.c:29:13: warning: format '%f' expects a matching 'double' argument [-Wformat=]
   29 |      printf("Latam: \n"
      |             ^~~~~~~~~~~
..\src\Funciones.c:32:44: note: format string is defined here
   32 |        "c) Precio pagando con bitcoin : %.2f\n"
      |                                         ~~~^
      |                                            |
      |                                            double
..\src\Funciones.c:29:13: warning: format '%f' expects a matching 'double' argument [-Wformat=]
   29 |      printf("Latam: \n"
      |             ^~~~~~~~~~~
..\src\Funciones.c:33:32: note: format string is defined here
   33 |        "d) Precio unitario: %.2f\n"
      |                             ~~~^
      |                                |
      |                                double
..\src\Funciones.c:29:13: warning: format '%f' expects a matching 'double' argument [-Wformat=]
   29 |      printf("Latam: \n"
      |             ^~~~~~~~~~~
..\src\Funciones.c:35:45: note: format string is defined here
   35 |        "a) Precio con tarjeta de débito: %.2f\n"
      |                                          ~~~^
      |                                             |
      |                                             double
..\src\Funciones.c:29:13: warning: format '%f' expects a matching 'double' argument [-Wformat=]
   29 |      printf("Latam: \n"
      |             ^~~~~~~~~~~
..\src\Funciones.c:36:46: note: format string is defined here
   36 |        "b) Precio con tarjeta de crédito: %.2f\n"
      |                                           ~~~^
      |                                              |
      |                                              double
..\src\Funciones.c:29:13: warning: format '%f' expects a matching 'double' argument [-Wformat=]
   29 |      printf("Latam: \n"
      |             ^~~~~~~~~~~
..\src\Funciones.c:37:44: note: format string is defined here
   37 |        "c) Precio pagando con bitcoin : %.2f\n"
      |                                         ~~~^
      |                                            |
      |                                            double
..\src\Funciones.c:29:13: warning: format '%f' expects a matching 'double' argument [-Wformat=]
   29 |      printf("Latam: \n"
      |             ^~~~~~~~~~~
..\src\Funciones.c:38:32: note: format string is defined here
   38 |        "d) Precio unitario: %.2f\n"
      |                             ~~~^
      |                                |
      |                                double
..\src\Funciones.c:29:13: warning: format '%f' expects a matching 'double' argument [-Wformat=]
   29 |      printf("Latam: \n"
      |             ^~~~~~~~~~~
..\src\Funciones.c:39:42: note: format string is defined here
   39 |        "\nLa diferencia de precio es: %.2f");
      |                                       ~~~^
      |                                          |
      |                                          double
21:03:20 **** Incremental Build of configuration Debug for project TP_[1] ****
Info: Internal Builder is used for build
gcc -O0 -g3 -Wall -c -fmessage-length=0 -o "src\\Funciones.o" "..\\src\\Funciones.c" 
In file included from ..\src\Funciones.c:1:
..\src\Funciones.h:12:1: warning: parameter names (without types) in function declaration
   12 | void procesarMenu(opcion, kmIngresados, precioAerolineas, precioLatam);
      | ^~~~
..\src\Funciones.c: In function 'procesarMenu':
..\src\Funciones.c:3:6: warning: type of 'opcion' defaults to 'int' [-Wimplicit-int]
    3 | void procesarMenu(opcion, kmIngresados, precioAerolineas, precioLatam)
      |      ^~~~~~~~~~~~
..\src\Funciones.c:3:6: warning: type of 'kmIngresados' defaults to 'int' [-Wimplicit-int]
..\src\Funciones.c:3:6: warning: type of 'precioAerolineas' defaults to 'int' [-Wimplicit-int]
..\src\Funciones.c:3:6: warning: type of 'precioLatam' defaults to 'int' [-Wimplicit-int]
..\src\Funciones.c:29:13: warning: format '%f' expects a matching 'double' argument [-Wformat=]
   29 |      printf("Latam: \n"
      |             ^~~~~~~~~~~
..\src\Funciones.c:30:45: note: format string is defined here
   30 |        "a) Precio con tarjeta de débito: %.2f\n"
      |                                          ~~~^
      |                                             |
      |                                             double
..\src\Funciones.c:29:13: warning: format '%f' expects a matching 'double' argument [-Wformat=]
   29 |      printf("Latam: \n"
      |             ^~~~~~~~~~~
..\src\Funciones.c:31:46: note: format string is defined here
   31 |        "b) Precio con tarjeta de crédito: %.2f\n"
      |                                           ~~~^
      |                                              |
      |                                              double
..\src\Funciones.c:29:13: warning: format '%f' expects a matching 'double' argument [-Wformat=]
   29 |      printf("Latam: \n"
      |             ^~~~~~~~~~~
..\src\Funciones.c:32:44: note: format string is defined here
   32 |        "c) Precio pagando con bitcoin : %.2f\n"
      |                                         ~~~^
      |                                            |
      |                                            double
..\src\Funciones.c:29:13: warning: format '%f' expects a matching 'double' argument [-Wformat=]
   29 |      printf("Latam: \n"
      |             ^~~~~~~~~~~
..\src\Funciones.c:33:32: note: format string is defined here
   33 |        "d) Precio unitario: %.2f\n"
      |                             ~~~^
      |                                |
      |                                double
..\src\Funciones.c:29:13: warning: format '%f' expects a matching 'double' argument [-Wformat=]
   29 |      printf("Latam: \n"
      |             ^~~~~~~~~~~
..\src\Funciones.c:35:45: note: format string is defined here
   35 |        "a) Precio con tarjeta de débito: %.2f\n"
      |                                          ~~~^
      |                                             |
      |                                             double
..\src\Funciones.c:29:13: warning: format '%f' expects a matching 'double' argument [-Wformat=]
   29 |      printf("Latam: \n"
      |             ^~~~~~~~~~~
..\src\Funciones.c:36:46: note: format string is defined here
   36 |        "b) Precio con tarjeta de crédito: %.2f\n"
      |                                           ~~~^
      |                                              |
      |                                              double
..\src\Funciones.c:29:13: warning: format '%f' expects a matching 'double' argument [-Wformat=]
   29 |      printf("Latam: \n"
      |             ^~~~~~~~~~~
..\src\Funciones.c:37:44: note: format string is defined here
   37 |        "c) Precio pagando con bitcoin : %.2f\n"
      |                                         ~~~^
      |                                            |
      |                                            double
..\src\Funciones.c:29:13: warning: format '%f' expects a matching 'double' argument [-Wformat=]
   29 |      printf("Latam: \n"
      |             ^~~~~~~~~~~
..\src\Funciones.c:38:32: note: format string is defined here
   38 |        "d) Precio unitario: %.2f\n"
      |                             ~~~^
      |                                |
      |                                double
..\src\Funciones.c:29:13: warning: format '%f' expects a matching 'double' argument [-Wformat=]
   29 |      printf("Latam: \n"
      |             ^~~~~~~~~~~
..\src\Funciones.c:39:42: note: format string is defined here
   39 |        "\nLa diferencia de precio es: %.2f");
      |                                       ~~~^
      |                                          |
      |                                          double
gcc -o TP_[1].exe "src\\Funciones.o" "src\\TP_[1].o" "src\\TP_[1]Calculos.o" 
21:04:07 **** Incremental Build of configuration Debug for project TP_[1] ****
Info: Internal Builder is used for build
gcc -O0 -g3 -Wall -c -fmessage-length=0 -o "src\\TP_[1].o" "..\\src\\TP_[1].c" 
gcc -O0 -g3 -Wall -c -fmessage-length=0 -o "src\\Funciones.o" "..\\src\\Funciones.c" 
..\src\Funciones.c: In function 'procesarMenu':
..\src\Funciones.c:29:13: warning: format '%f' expects a matching 'double' argument [-Wformat=]
   29 |      printf("Latam: \n"
      |             ^~~~~~~~~~~
..\src\Funciones.c:30:45: note: format string is defined here
   30 |        "a) Precio con tarjeta de débito: %.2f\n"
      |                                          ~~~^
      |                                             |
      |                                             double
..\src\Funciones.c:29:13: warning: format '%f' expects a matching 'double' argument [-Wformat=]
   29 |      printf("Latam: \n"
      |             ^~~~~~~~~~~
..\src\Funciones.c:31:46: note: format string is defined here
   31 |        "b) Precio con tarjeta de crédito: %.2f\n"
      |                                           ~~~^
      |                                              |
      |                                              double
..\src\Funciones.c:29:13: warning: format '%f' expects a matching 'double' argument [-Wformat=]
   29 |      printf("Latam: \n"
      |             ^~~~~~~~~~~
..\src\Funciones.c:32:44: note: format string is defined here
   32 |        "c) Precio pagando con bitcoin : %.2f\n"
      |                                         ~~~^
      |                                            |
      |                                            double
..\src\Funciones.c:29:13: warning: format '%f' expects a matching 'double' argument [-Wformat=]
   29 |      printf("Latam: \n"
      |             ^~~~~~~~~~~
..\src\Funciones.c:33:32: note: format string is defined here
   33 |        "d) Precio unitario: %.2f\n"
      |                             ~~~^
      |                                |
      |                                double
..\src\Funciones.c:29:13: warning: format '%f' expects a matching 'double' argument [-Wformat=]
   29 |      printf("Latam: \n"
      |             ^~~~~~~~~~~
..\src\Funciones.c:35:45: note: format string is defined here
   35 |        "a) Precio con tarjeta de débito: %.2f\n"
      |                                          ~~~^
      |                                             |
      |                                             double
..\src\Funciones.c:29:13: warning: format '%f' expects a matching 'double' argument [-Wformat=]
   29 |      printf("Latam: \n"
      |             ^~~~~~~~~~~
..\src\Funciones.c:36:46: note: format string is defined here
   36 |        "b) Precio con tarjeta de crédito: %.2f\n"
      |                                           ~~~^
      |                                              |
      |                                              double
..\src\Funciones.c:29:13: warning: format '%f' expects a matching 'double' argument [-Wformat=]
   29 |      printf("Latam: \n"
      |             ^~~~~~~~~~~
..\src\Funciones.c:37:44: note: format string is defined here
   37 |        "c) Precio pagando con bitcoin : %.2f\n"
      |                                         ~~~^
      |                                            |
      |                                            double
..\src\Funciones.c:29:13: warning: format '%f' expects a matching 'double' argument [-Wformat=]
   29 |      printf("Latam: \n"
      |             ^~~~~~~~~~~
..\src\Funciones.c:38:32: note: format string is defined here
   38 |        "d) Precio unitario: %.2f\n"
      |                             ~~~^
      |                                |
      |                                double
..\src\Funciones.c:29:13: warning: format '%f' expects a matching 'double' argument [-Wformat=]
   29 |      printf("Latam: \n"
      |             ^~~~~~~~~~~
..\src\Funciones.c:39:42: note: format string is defined here
   39 |        "\nLa diferencia de precio es: %.2f");
      |                                       ~~~^
      |                                          |
      |                                          double
gcc -o TP_[1].exe "src\\Funciones.o" "src\\TP_[1].o" "src\\TP_[1]Calculos.o" 
21:10:08 **** Incremental Build of configuration Debug for project TP_[1] ****
Info: Internal Builder is used for build
gcc -O0 -g3 -Wall -c -fmessage-length=0 -o "src\\TP_[1].o" "..\\src\\TP_[1].c" 
gcc -O0 -g3 -Wall -c -fmessage-length=0 -o "src\\TP_[1]Calculos.o" "..\\src\\TP_[1]Calculos.c" 
gcc -O0 -g3 -Wall -c -fmessage-length=0 -o "src\\Funciones.o" "..\\src\\Funciones.c" 
..\src\Funciones.c: In function 'procesarMenu':
..\src\Funciones.c:39:46: warning: implicit declaration of function 'calcularPrecioConDebito' [-Wimplicit-function-declaration]
   39 |        "\nLa diferencia de precio es: %.2f", calcularPrecioConDebito(precioLatam), calcularPrecioConCredito(precioLatam));
      |                                              ^~~~~~~~~~~~~~~~~~~~~~~
..\src\Funciones.c:39:84: warning: implicit declaration of function 'calcularPrecioConCredito' [-Wimplicit-function-declaration]
   39 |        "\nLa diferencia de precio es: %.2f", calcularPrecioConDebito(precioLatam), calcularPrecioConCredito(precioLatam));
      |                                                                                    ^~~~~~~~~~~~~~~~~~~~~~~~
..\src\Funciones.c:29:13: warning: format '%f' expects argument of type 'double', but argument 2 has type 'int' [-Wformat=]
   29 |      printf("Latam: \n"
      |             ^~~~~~~~~~~
......
   39 |        "\nLa diferencia de precio es: %.2f", calcularPrecioConDebito(precioLatam), calcularPrecioConCredito(precioLatam));
      |                                              ~~~~~~~~~~~~~~~~~~~~~~~~~~~~~~~~~~~~
      |                                              |
      |                                              int
..\src\Funciones.c:30:45: note: format string is defined here
   30 |        "a) Precio con tarjeta de débito: %.2f\n"
      |                                          ~~~^
      |                                             |
      |                                             double
      |                                          %.2d
..\src\Funciones.c:29:13: warning: format '%f' expects argument of type 'double', but argument 3 has type 'int' [-Wformat=]
   29 |      printf("Latam: \n"
      |             ^~~~~~~~~~~
......
   39 |        "\nLa diferencia de precio es: %.2f", calcularPrecioConDebito(precioLatam), calcularPrecioConCredito(precioLatam));
      |                                                                                    ~~~~~~~~~~~~~~~~~~~~~~~~~~~~~~~~~~~~~
      |                                                                                    |
      |                                                                                    int
..\src\Funciones.c:31:46: note: format string is defined here
   31 |        "b) Precio con tarjeta de crédito: %.2f\n"
      |                                           ~~~^
      |                                              |
      |                                              double
      |                                           %.2d
..\src\Funciones.c:29:13: warning: format '%f' expects a matching 'double' argument [-Wformat=]
   29 |      printf("Latam: \n"
      |             ^~~~~~~~~~~
..\src\Funciones.c:32:44: note: format string is defined here
   32 |        "c) Precio pagando con bitcoin : %.2f\n"
      |                                         ~~~^
      |                                            |
      |                                            double
..\src\Funciones.c:29:13: warning: format '%f' expects a matching 'double' argument [-Wformat=]
   29 |      printf("Latam: \n"
      |             ^~~~~~~~~~~
..\src\Funciones.c:33:32: note: format string is defined here
   33 |        "d) Precio unitario: %.2f\n"
      |                             ~~~^
      |                                |
      |                                double
..\src\Funciones.c:29:13: warning: format '%f' expects a matching 'double' argument [-Wformat=]
   29 |      printf("Latam: \n"
      |             ^~~~~~~~~~~
..\src\Funciones.c:35:45: note: format string is defined here
   35 |        "a) Precio con tarjeta de débito: %.2f\n"
      |                                          ~~~^
      |                                             |
      |                                             double
..\src\Funciones.c:29:13: warning: format '%f' expects a matching 'double' argument [-Wformat=]
   29 |      printf("Latam: \n"
      |             ^~~~~~~~~~~
..\src\Funciones.c:36:46: note: format string is defined here
   36 |        "b) Precio con tarjeta de crédito: %.2f\n"
      |                                           ~~~^
      |                                              |
      |                                              double
..\src\Funciones.c:29:13: warning: format '%f' expects a matching 'double' argument [-Wformat=]
   29 |      printf("Latam: \n"
      |             ^~~~~~~~~~~
..\src\Funciones.c:37:44: note: format string is defined here
   37 |        "c) Precio pagando con bitcoin : %.2f\n"
      |                                         ~~~^
      |                                            |
      |                                            double
..\src\Funciones.c:29:13: warning: format '%f' expects a matching 'double' argument [-Wformat=]
   29 |      printf("Latam: \n"
      |             ^~~~~~~~~~~
..\src\Funciones.c:38:32: note: format string is defined here
   38 |        "d) Precio unitario: %.2f\n"
      |                             ~~~^
      |                                |
      |                                double
..\src\Funciones.c:29:13: warning: format '%f' expects a matching 'double' argument [-Wformat=]
   29 |      printf("Latam: \n"
      |             ^~~~~~~~~~~
..\src\Funciones.c:39:42: note: format string is defined here
   39 |        "\nLa diferencia de precio es: %.2f", calcularPrecioConDebito(precioLatam), calcularPrecioConCredito(precioLatam));
      |                                       ~~~^
      |                                          |
      |                                          double
gcc -o TP_[1].exe "src\\Funciones.o" "src\\TP_[1].o" "src\\TP_[1]Calculos.o" 
21:11:00 **** Incremental Build of configuration Debug for project TP_[1] ****
Info: Internal Builder is used for build
gcc -O0 -g3 -Wall -c -fmessage-length=0 -o "src\\TP_[1].o" "..\\src\\TP_[1].c" 
gcc -O0 -g3 -Wall -c -fmessage-length=0 -o "src\\TP_[1]Calculos.o" "..\\src\\TP_[1]Calculos.c" 
gcc -o TP_[1].exe "src\\Funciones.o" "src\\TP_[1].o" "src\\TP_[1]Calculos.o" 
21:43:51 **** Incremental Build of configuration Debug for project TP_[1] ****
Info: Internal Builder is used for build
gcc -O0 -g3 -Wall -c -fmessage-length=0 -o "src\\TP_[1].o" "..\\src\\TP_[1].c" 
gcc -O0 -g3 -Wall -c -fmessage-length=0 -o "src\\TP_[1]Calculos.o" "..\\src\\TP_[1]Calculos.c" 
gcc -O0 -g3 -Wall -c -fmessage-length=0 -o "src\\Funciones.o" "..\\src\\Funciones.c" 
..\src\Funciones.c: In function 'procesarMenu':
..\src\Funciones.c:40:8: warning: implicit declaration of function 'calcularPrecioConDebito' [-Wimplicit-function-declaration]
   40 |        calcularPrecioConDebito(precioLatam),
      |        ^~~~~~~~~~~~~~~~~~~~~~~
..\src\Funciones.c:41:8: warning: implicit declaration of function 'calcularPrecioConCredito' [-Wimplicit-function-declaration]
   41 |        calcularPrecioConCredito(precioLatam),
      |        ^~~~~~~~~~~~~~~~~~~~~~~~
..\src\Funciones.c:42:8: warning: implicit declaration of function 'calcularPrecioConBitcoin' [-Wimplicit-function-declaration]
   42 |        calcularPrecioConBitcoin(precioLatam),
      |        ^~~~~~~~~~~~~~~~~~~~~~~~
..\src\Funciones.c:43:8: warning: implicit declaration of function 'mostrarPrecioPorKm' [-Wimplicit-function-declaration]
   43 |        mostrarPrecioPorKm(precioLatam, kmIngresados),
      |        ^~~~~~~~~~~~~~~~~~
..\src\Funciones.c:48:8: warning: implicit declaration of function 'mostrarDiferenciaDePrecios' [-Wimplicit-function-declaration]
   48 |        mostrarDiferenciaDePrecios(precioLatam, precioAerolineas));
      |        ^~~~~~~~~~~~~~~~~~~~~~~~~~
..\src\Funciones.c:29:13: warning: format '%f' expects argument of type 'double', but argument 2 has type 'int' [-Wformat=]
   29 |      printf("Latam: \n"
      |             ^~~~~~~~~~~
......
   40 |        calcularPrecioConDebito(precioLatam),
      |        ~~~~~~~~~~~~~~~~~~~~~~~~~~~~~~~~~~~~
      |        |
      |        int
..\src\Funciones.c:30:45: note: format string is defined here
   30 |        "a) Precio con tarjeta de débito: %.2f\n"
      |                                          ~~~^
      |                                             |
      |                                             double
      |                                          %.2d
..\src\Funciones.c:29:13: warning: format '%f' expects argument of type 'double', but argument 3 has type 'int' [-Wformat=]
   29 |      printf("Latam: \n"
      |             ^~~~~~~~~~~
......
   41 |        calcularPrecioConCredito(precioLatam),
      |        ~~~~~~~~~~~~~~~~~~~~~~~~~~~~~~~~~~~~~
      |        |
      |        int
..\src\Funciones.c:31:46: note: format string is defined here
   31 |        "b) Precio con tarjeta de crédito: %.2f\n"
      |                                           ~~~^
      |                                              |
      |                                              double
      |                                           %.2d
..\src\Funciones.c:29:13: warning: format '%lf' expects argument of type 'double', but argument 4 has type 'int' [-Wformat=]
   29 |      printf("Latam: \n"
      |             ^~~~~~~~~~~
......
   42 |        calcularPrecioConBitcoin(precioLatam),
      |        ~~~~~~~~~~~~~~~~~~~~~~~~~~~~~~~~~~~~~
      |        |
      |        int
..\src\Funciones.c:32:45: note: format string is defined here
   32 |        "c) Precio pagando con bitcoin : %.7lf\n"
      |                                         ~~~~^
      |                                             |
      |                                             double
      |                                         %.7d
..\src\Funciones.c:29:13: warning: format '%f' expects argument of type 'double', but argument 5 has type 'int' [-Wformat=]
   29 |      printf("Latam: \n"
      |             ^~~~~~~~~~~
......
   43 |        mostrarPrecioPorKm(precioLatam, kmIngresados),
      |        ~~~~~~~~~~~~~~~~~~~~~~~~~~~~~~~~~~~~~~~~~~~~~
      |        |
      |        int
..\src\Funciones.c:33:32: note: format string is defined here
   33 |        "d) Precio unitario: %.2f\n"
      |                             ~~~^
      |                                |
      |                                double
      |                             %.2d
..\src\Funciones.c:29:13: warning: format '%f' expects argument of type 'double', but argument 6 has type 'int' [-Wformat=]
   29 |      printf("Latam: \n"
      |             ^~~~~~~~~~~
......
   44 |        calcularPrecioConDebito(precioAerolineas),
      |        ~~~~~~~~~~~~~~~~~~~~~~~~~~~~~~~~~~~~~~~~~
      |        |
      |        int
..\src\Funciones.c:35:45: note: format string is defined here
   35 |        "a) Precio con tarjeta de débito: %.2f\n"
      |                                          ~~~^
      |                                             |
      |                                             double
      |                                          %.2d
..\src\Funciones.c:29:13: warning: format '%f' expects argument of type 'double', but argument 7 has type 'int' [-Wformat=]
   29 |      printf("Latam: \n"
      |             ^~~~~~~~~~~
......
   45 |        calcularPrecioConCredito(precioAerolineas),
      |        ~~~~~~~~~~~~~~~~~~~~~~~~~~~~~~~~~~~~~~~~~~
      |        |
      |        int
..\src\Funciones.c:36:46: note: format string is defined here
   36 |        "b) Precio con tarjeta de crédito: %.2f\n"
      |                                           ~~~^
      |                                              |
      |                                              double
      |                                           %.2d
..\src\Funciones.c:29:13: warning: format '%lf' expects argument of type 'double', but argument 8 has type 'int' [-Wformat=]
   29 |      printf("Latam: \n"
      |             ^~~~~~~~~~~
......
   46 |        calcularPrecioConBitcoin(precioAerolineas),
      |        ~~~~~~~~~~~~~~~~~~~~~~~~~~~~~~~~~~~~~~~~~~
      |        |
      |        int
..\src\Funciones.c:37:45: note: format string is defined here
   37 |        "c) Precio pagando con bitcoin : %.7lf\n"
      |                                         ~~~~^
      |                                             |
      |                                             double
      |                                         %.7d
..\src\Funciones.c:29:13: warning: format '%f' expects argument of type 'double', but argument 9 has type 'int' [-Wformat=]
   29 |      printf("Latam: \n"
      |             ^~~~~~~~~~~
......
   47 |        mostrarPrecioPorKm(precioAerolineas, kmIngresados),
      |        ~~~~~~~~~~~~~~~~~~~~~~~~~~~~~~~~~~~~~~~~~~~~~~~~~~
      |        |
      |        int
..\src\Funciones.c:38:32: note: format string is defined here
   38 |        "d) Precio unitario: %.2f\n"
      |                             ~~~^
      |                                |
      |                                double
      |                             %.2d
..\src\Funciones.c:29:13: warning: format '%f' expects argument of type 'double', but argument 10 has type 'int' [-Wformat=]
   29 |      printf("Latam: \n"
      |             ^~~~~~~~~~~
......
   48 |        mostrarDiferenciaDePrecios(precioLatam, precioAerolineas));
      |        ~~~~~~~~~~~~~~~~~~~~~~~~~~~~~~~~~~~~~~~~~~~~~~~~~~~~~~~~~
      |        |
      |        int
..\src\Funciones.c:39:42: note: format string is defined here
   39 |        "\nLa diferencia de precio es: %.2f",
      |                                       ~~~^
      |                                          |
      |                                          double
      |                                       %.2d
gcc -o TP_[1].exe "src\\Funciones.o" "src\\TP_[1].o" "src\\TP_[1]Calculos.o" 
Info: Nothing to build for TP_[1]
22:03:35 **** Incremental Build of configuration Debug for project TP_[1] ****
Info: Internal Builder is used for build
gcc -O0 -g3 -Wall -c -fmessage-length=0 -o "src\\Funciones.o" "..\\src\\Funciones.c" 
..\src\Funciones.c:2:10: fatal error: Calculos.h: No such file or directory
    2 | #include "Calculos.h"
      |          ^~~~~~~~~~~~
compilation terminated.
22:04:41 **** Incremental Build of configuration Debug for project TP_[1] ****
Info: Internal Builder is used for build
gcc -O0 -g3 -Wall -c -fmessage-length=0 -o "src\\TP_[1]Calculos.o" "..\\src\\TP_[1]Calculos.c" 
gcc -O0 -g3 -Wall -c -fmessage-length=0 -o "src\\Funciones.o" "..\\src\\Funciones.c" 
gcc -o TP_[1].exe "src\\Funciones.o" "src\\TP_[1].o" "src\\TP_[1]Calculos.o" 
Info: Nothing to build for TP_[1]
22:07:57 **** Incremental Build of configuration Debug for project TP_[1] ****
Info: Internal Builder is used for build
gcc -O0 -g3 -Wall -c -fmessage-length=0 -o "src\\Funciones.o" "..\\src\\Funciones.c" 
gcc -o TP_[1].exe "src\\Funciones.o" "src\\TP_[1].o" "src\\TP_[1]Calculos.o" 
22:10:54 **** Incremental Build of configuration Debug for project TP_[1] ****
Info: Internal Builder is used for build
gcc -O0 -g3 -Wall -c -fmessage-length=0 -o "src\\Funciones.o" "..\\src\\Funciones.c" 
gcc -o TP_[1].exe "src\\Funciones.o" "src\\TP_[1].o" "src\\TP_[1]Calculos.o" 
22:13:21 **** Incremental Build of configuration Debug for project TP_[1] ****
Info: Internal Builder is used for build
gcc -O0 -g3 -Wall -c -fmessage-length=0 -o "src\\TP_[1].o" "..\\src\\TP_[1].c" 
gcc -O0 -g3 -Wall -c -fmessage-length=0 -o "src\\TP_[1]Calculos.o" "..\\src\\TP_[1]Calculos.c" 
gcc -O0 -g3 -Wall -c -fmessage-length=0 -o "inputs.c\\inputs.o" "..\\inputs.c\\inputs.c" 
..\inputs.c\inputs.c:1:10: fatal error: Funciones.h: No such file or directory
    1 | #include "Funciones.h"
      |          ^~~~~~~~~~~~~
compilation terminated.
22:13:32 **** Incremental Build of configuration Debug for project TP_[1] ****
Info: Internal Builder is used for build
gcc -O0 -g3 -Wall -c -fmessage-length=0 -o "src\\Funciones.o" "..\\src\\Funciones.c" 
gcc -o TP_[1].exe "src\\Funciones.o" "src\\TP_[1].o" "src\\TP_[1]Calculos.o" 
22:14:17 **** Incremental Build of configuration Debug for project TP_[1] ****
Info: Internal Builder is used for build
gcc -O0 -g3 -Wall -c -fmessage-length=0 -o "src\\TP_[1]Calculos.o" "..\\src\\TP_[1]Calculos.c" 
gcc -O0 -g3 -Wall -c -fmessage-length=0 -o "src\\Funciones.o" "..\\src\\Funciones.c" 
gcc -O0 -g3 -Wall -c -fmessage-length=0 -o "src\\TP_[1].o" "..\\src\\TP_[1].c" 
gcc -O0 -g3 -Wall -c -fmessage-length=0 -o "src\\inputs.o" "..\\src\\inputs.c" 
gcc -o TP_[1].exe "src\\Funciones.o" "src\\TP_[1].o" "src\\TP_[1]Calculos.o" "src\\inputs.o" 
22:16:05 **** Incremental Build of configuration Debug for project TP_[1] ****
Info: Internal Builder is used for build
gcc -O0 -g3 -Wall -c -fmessage-length=0 -o "src\\TP_[1]Calculos.o" "..\\src\\TP_[1]Calculos.c" 
gcc -O0 -g3 -Wall -c -fmessage-length=0 -o "src\\TP_[1].o" "..\\src\\TP_[1].c" 
gcc -O0 -g3 -Wall -c -fmessage-length=0 -o "src\\inputs.o" "..\\src\\inputs.c" 
gcc -O0 -g3 -Wall -c -fmessage-length=0 -o "src\\Funciones.o" "..\\src\\Funciones.c" 
gcc -o TP_[1].exe "src\\Funciones.o" "src\\TP_[1].o" "src\\TP_[1]Calculos.o" "src\\inputs.o" 
22:16:39 **** Incremental Build of configuration Debug for project TP_[1] ****
Info: Internal Builder is used for build
gcc -O0 -g3 -Wall -c -fmessage-length=0 -o "src\\TP_[1].o" "..\\src\\TP_[1].c" 
gcc -o TP_[1].exe "src\\Funciones.o" "src\\TP_[1].o" "src\\TP_[1]Calculos.o" "src\\inputs.o" 
22:18:25 **** Incremental Build of configuration Debug for project TP_[1] ****
Info: Internal Builder is used for build
gcc -O0 -g3 -Wall -c -fmessage-length=0 -o "src\\Funciones.o" "..\\src\\Funciones.c" 
gcc -o TP_[1].exe "src\\Funciones.o" "src\\TP_[1].o" "src\\TP_[1]Calculos.o" "src\\inputs.o" 
22:20:35 **** Incremental Build of configuration Debug for project TP_[1] ****
Info: Internal Builder is used for build
gcc -O0 -g3 -Wall -c -fmessage-length=0 -o "src\\Funciones.o" "..\\src\\Funciones.c" 
gcc -o TP_[1].exe "src\\Funciones.o" "src\\TP_[1].o" "src\\TP_[1]Calculos.o" "src\\inputs.o" 
22:22:41 **** Incremental Build of configuration Debug for project TP_[1] ****
Info: Internal Builder is used for build
gcc -O0 -g3 -Wall -c -fmessage-length=0 -o "src\\Funciones.o" "..\\src\\Funciones.c" 
gcc -O0 -g3 -Wall -c -fmessage-length=0 -o "src\\TP_[1]Calculos.o" "..\\src\\TP_[1]Calculos.c" 
gcc -O0 -g3 -Wall -c -fmessage-length=0 -o "src\\TP_[1].o" "..\\src\\TP_[1].c" 
gcc -O0 -g3 -Wall -c -fmessage-length=0 -o "src\\inputs.o" "..\\src\\inputs.c" 
gcc -o TP_[1].exe "src\\Funciones.o" "src\\TP_[1].o" "src\\TP_[1]Calculos.o" "src\\inputs.o" 
